d:\c++code\c_cale\c_cale\x64\debug\vc143.pdb
d:\c++code\c_cale\c_cale\x64\debug\vc143.idb
d:\c++code\c_cale\c_cale\x64\debug\renderer.obj
d:\c++code\c_cale\c_cale\x64\debug\main.obj
d:\c++code\c_cale\c_cale\x64\debug\imgui_widgets.obj
d:\c++code\c_cale\c_cale\x64\debug\imgui_tables.obj
d:\c++code\c_cale\c_cale\x64\debug\imgui_impl_win32.obj
d:\c++code\c_cale\c_cale\x64\debug\imgui_impl_dx11.obj
d:\c++code\c_cale\c_cale\x64\debug\imgui_draw.obj
d:\c++code\c_cale\c_cale\x64\debug\imgui_demo.obj
d:\c++code\c_cale\c_cale\x64\debug\imgui.obj
d:\c++code\c_cale\c_cale\x64\debug\imguiui.obj
d:\c++code\c_cale\x64\debug\c_cale.exe
d:\c++code\c_cale\c_cale\x64\debug\c_cale.ilk
d:\c++code\c_cale\x64\debug\c_cale.pdb
d:\c++code\c_cale\c_cale\x64\debug\c_cale1.res
d:\c++code\c_cale\c_cale\x64\debug\c_cale.tlog\cl.command.1.tlog
d:\c++code\c_cale\c_cale\x64\debug\c_cale.tlog\cl.items.tlog
d:\c++code\c_cale\c_cale\x64\debug\c_cale.tlog\cl.read.1.tlog
d:\c++code\c_cale\c_cale\x64\debug\c_cale.tlog\cl.write.1.tlog
d:\c++code\c_cale\c_cale\x64\debug\c_cale.tlog\link.command.1.tlog
d:\c++code\c_cale\c_cale\x64\debug\c_cale.tlog\link.read.1.tlog
d:\c++code\c_cale\c_cale\x64\debug\c_cale.tlog\link.write.1.tlog
d:\c++code\c_cale\c_cale\x64\debug\c_cale.tlog\rc.command.1.tlog
d:\c++code\c_cale\c_cale\x64\debug\c_cale.tlog\rc.read.1.tlog
d:\c++code\c_cale\c_cale\x64\debug\c_cale.tlog\rc.write.1.tlog
